<?xml version="1.0" encoding="UTF-8"?>
<testng-results ignored="0" total="1" passed="1" failed="0" skipped="0">
  <reporter-output>
  </reporter-output>
  <suite started-at="2025-10-01T10:34:25 CST" name="Default suite" finished-at="2025-10-01T10:34:39 CST" duration-ms="13914">
    <groups>
    </groups>
    <test started-at="2025-10-01T10:34:25 CST" name="Default test" finished-at="2025-10-01T10:34:39 CST" duration-ms="13914">
      <class name="www.Astroarc.Tests.AstroarcPaymentTest">
        <test-method is-config="true" signature="BeforeMethod()[pri:0, instance:www.Astroarc.Tests.AstroarcPaymentTest@3e58a80e]" started-at="2025-10-01T10:34:25 CST" name="BeforeMethod" finished-at="2025-10-01T10:34:27 CST" duration-ms="1664" status="PASS">
          <reporter-output>
          </reporter-output>
        </test-method> <!-- BeforeMethod -->
        <test-method signature="purhcaseWithCrypto()[pri:0, instance:www.Astroarc.Tests.AstroarcPaymentTest@3e58a80e]" started-at="2025-10-01T10:34:27 CST" name="purhcaseWithCrypto" finished-at="2025-10-01T10:34:39 CST" duration-ms="12208" status="PASS">
          <reporter-output>
          </reporter-output>
        </test-method> <!-- purhcaseWithCrypto -->
        <test-method is-config="true" signature="AfterMethod()[pri:0, instance:www.Astroarc.Tests.AstroarcPaymentTest@3e58a80e]" started-at="2025-10-01T10:34:39 CST" name="AfterMethod" finished-at="2025-10-01T10:34:39 CST" duration-ms="2" status="PASS">
          <reporter-output>
          </reporter-output>
        </test-method> <!-- AfterMethod -->
      </class> <!-- www.Astroarc.Tests.AstroarcPaymentTest -->
    </test> <!-- Default test -->
  </suite> <!-- Default suite -->
</testng-results>
